<?xml version="1.0" encoding="UTF-8"?>
<testng-results skipped="0" failed="1" ignored="0" total="4" passed="3">
  <reporter-output>
  </reporter-output>
  <suite name="Default suite" duration-ms="28650" started-at="2021-03-02T19:23:53 IST" finished-at="2021-03-02T19:24:22 IST">
    <groups>
    </groups>
    <test name="Default test" duration-ms="28650" started-at="2021-03-02T19:23:53 IST" finished-at="2021-03-02T19:24:22 IST">
      <class name="tests.SanityAddProductToCart">
        <test-method status="PASS" signature="beforeClass()[pri:0, instance:tests.SanityAddProductToCart@3a5ed7a6]" name="beforeClass" is-config="true" duration-ms="6705" started-at="2021-03-02T19:23:53 IST" finished-at="2021-03-02T19:24:00 IST">
          <reporter-output>
          </reporter-output>
        </test-method> <!-- beforeClass -->
        <test-method status="PASS" signature="beforeMethod(java.lang.reflect.Method)[pri:0, instance:tests.SanityAddProductToCart@3a5ed7a6]" name="beforeMethod" is-config="true" duration-ms="5" started-at="2021-03-02T19:24:00 IST" finished-at="2021-03-02T19:24:00 IST">
          <params>
            <param index="0">
              <value>
                <![CDATA[public void tests.SanityAddProductToCart.serachProduct() throws java.lang.InterruptedException,java.io.IOException]]>
              </value>
            </param>
          </params>
          <reporter-output>
          </reporter-output>
        </test-method> <!-- beforeMethod -->
        <test-method status="PASS" signature="serachProduct()[pri:1, instance:tests.SanityAddProductToCart@3a5ed7a6]" name="serachProduct" duration-ms="4791" started-at="2021-03-02T19:24:00 IST" description="Search for specific product" finished-at="2021-03-02T19:24:04 IST">
          <reporter-output>
          </reporter-output>
        </test-method> <!-- serachProduct -->
        <test-method status="PASS" signature="afterMethod(org.testng.ITestResult)[pri:0, instance:tests.SanityAddProductToCart@3a5ed7a6]" name="afterMethod" is-config="true" duration-ms="479" started-at="2021-03-02T19:24:04 IST" finished-at="2021-03-02T19:24:05 IST">
          <params>
            <param index="0">
              <value>
                <![CDATA[[TestResult name=serachProduct status=SUCCESS method=SanityAddProductToCart.serachProduct()[pri:1, instance:tests.SanityAddProductToCart@3a5ed7a6] output={null}]]]>
              </value>
            </param>
          </params>
          <reporter-output>
          </reporter-output>
        </test-method> <!-- afterMethod -->
        <test-method status="PASS" signature="beforeMethod(java.lang.reflect.Method)[pri:0, instance:tests.SanityAddProductToCart@3a5ed7a6]" name="beforeMethod" is-config="true" duration-ms="1" started-at="2021-03-02T19:24:05 IST" finished-at="2021-03-02T19:24:05 IST">
          <params>
            <param index="0">
              <value>
                <![CDATA[public void tests.SanityAddProductToCart.getIntoProduct() throws java.lang.InterruptedException,java.io.IOException]]>
              </value>
            </param>
          </params>
          <reporter-output>
          </reporter-output>
        </test-method> <!-- beforeMethod -->
        <test-method status="PASS" signature="getIntoProduct()[pri:2, instance:tests.SanityAddProductToCart@3a5ed7a6]" name="getIntoProduct" duration-ms="3863" started-at="2021-03-02T19:24:05 IST" description="Click on specific product" finished-at="2021-03-02T19:24:09 IST">
          <reporter-output>
          </reporter-output>
        </test-method> <!-- getIntoProduct -->
        <test-method status="PASS" signature="afterMethod(org.testng.ITestResult)[pri:0, instance:tests.SanityAddProductToCart@3a5ed7a6]" name="afterMethod" is-config="true" duration-ms="414" started-at="2021-03-02T19:24:09 IST" finished-at="2021-03-02T19:24:09 IST">
          <params>
            <param index="0">
              <value>
                <![CDATA[[TestResult name=getIntoProduct status=SUCCESS method=SanityAddProductToCart.getIntoProduct()[pri:2, instance:tests.SanityAddProductToCart@3a5ed7a6] output={null}]]]>
              </value>
            </param>
          </params>
          <reporter-output>
          </reporter-output>
        </test-method> <!-- afterMethod -->
        <test-method status="PASS" signature="editProduct()[pri:3, instance:tests.SanityAddProductToCart@3a5ed7a6]" name="editProduct" duration-ms="270" started-at="2021-03-02T19:24:09 IST" description="Click on product weight and add to cart" finished-at="2021-03-02T19:24:10 IST">
          <reporter-output>
          </reporter-output>
        </test-method> <!-- editProduct -->
        <test-method status="PASS" signature="beforeMethod(java.lang.reflect.Method)[pri:0, instance:tests.SanityAddProductToCart@3a5ed7a6]" name="beforeMethod" is-config="true" duration-ms="0" started-at="2021-03-02T19:24:09 IST" finished-at="2021-03-02T19:24:09 IST">
          <params>
            <param index="0">
              <value>
                <![CDATA[public void tests.SanityAddProductToCart.editProduct() throws java.lang.InterruptedException,java.io.IOException]]>
              </value>
            </param>
          </params>
          <reporter-output>
          </reporter-output>
        </test-method> <!-- beforeMethod -->
        <test-method status="PASS" signature="afterMethod(org.testng.ITestResult)[pri:0, instance:tests.SanityAddProductToCart@3a5ed7a6]" name="afterMethod" is-config="true" duration-ms="498" started-at="2021-03-02T19:24:10 IST" finished-at="2021-03-02T19:24:10 IST">
          <params>
            <param index="0">
              <value>
                <![CDATA[[TestResult name=editProduct status=SUCCESS method=SanityAddProductToCart.editProduct()[pri:3, instance:tests.SanityAddProductToCart@3a5ed7a6] output={null}]]]>
              </value>
            </param>
          </params>
          <reporter-output>
          </reporter-output>
        </test-method> <!-- afterMethod -->
        <test-method status="FAIL" signature="addProductToCart()[pri:4, instance:tests.SanityAddProductToCart@3a5ed7a6]" name="addProductToCart" duration-ms="10168" started-at="2021-03-02T19:24:10 IST" description="Click on specific product" finished-at="2021-03-02T19:24:20 IST">
          <exception class="org.openqa.selenium.TimeoutException">
            <message>
              <![CDATA[Expected condition failed: waiting for element to be clickable: By.xpath: //h2[text()='משקולות יד דאמבלס משושה עם אחיזה נוחה לידיים'] (tried for 10 second(s) with 500 milliseconds interval)]]>
            </message>
            <full-stacktrace>
              <![CDATA[org.openqa.selenium.TimeoutException: Expected condition failed: waiting for element to be clickable: By.xpath: //h2[text()='משקולות יד דאמבלס משושה עם אחיזה נוחה לידיים'] (tried for 10 second(s) with 500 milliseconds interval)
at org.openqa.selenium.support.ui.WebDriverWait.timeoutException(WebDriverWait.java:95)
at org.openqa.selenium.support.ui.FluentWait.until(FluentWait.java:272)
at pages.Base.click(Base.java:39)
at pages.Main.getIntoProduct(Main.java:23)
at tests.SanityAddProductToCart.addProductToCart(SanityAddProductToCart.java:112)
at sun.reflect.NativeMethodAccessorImpl.invoke0(Native Method)
at sun.reflect.NativeMethodAccessorImpl.invoke(NativeMethodAccessorImpl.java:62)
at sun.reflect.DelegatingMethodAccessorImpl.invoke(DelegatingMethodAccessorImpl.java:43)
at java.lang.reflect.Method.invoke(Method.java:498)
at org.testng.internal.MethodInvocationHelper.invokeMethod(MethodInvocationHelper.java:132)
at org.testng.internal.TestInvoker.invokeMethod(TestInvoker.java:599)
at org.testng.internal.TestInvoker.invokeTestMethod(TestInvoker.java:174)
at org.testng.internal.MethodRunner.runInSequence(MethodRunner.java:46)
at org.testng.internal.TestInvoker$MethodInvocationAgent.invoke(TestInvoker.java:822)
at org.testng.internal.TestInvoker.invokeTestMethods(TestInvoker.java:147)
at org.testng.internal.TestMethodWorker.invokeTestMethods(TestMethodWorker.java:146)
at org.testng.internal.TestMethodWorker.run(TestMethodWorker.java:128)
at java.util.ArrayList.forEach(ArrayList.java:1257)
at org.testng.TestRunner.privateRun(TestRunner.java:764)
at org.testng.TestRunner.run(TestRunner.java:585)
at org.testng.SuiteRunner.runTest(SuiteRunner.java:384)
at org.testng.SuiteRunner.runSequentially(SuiteRunner.java:378)
at org.testng.SuiteRunner.privateRun(SuiteRunner.java:337)
at org.testng.SuiteRunner.run(SuiteRunner.java:286)
at org.testng.SuiteRunnerWorker.runSuite(SuiteRunnerWorker.java:53)
at org.testng.SuiteRunnerWorker.run(SuiteRunnerWorker.java:96)
at org.testng.TestNG.runSuitesSequentially(TestNG.java:1218)
at org.testng.TestNG.runSuitesLocally(TestNG.java:1140)
at org.testng.TestNG.runSuites(TestNG.java:1069)
at org.testng.TestNG.run(TestNG.java:1037)
at org.testng.remote.AbstractRemoteTestNG.run(AbstractRemoteTestNG.java:115)
at org.testng.remote.RemoteTestNG.initAndRun(RemoteTestNG.java:251)
at org.testng.remote.RemoteTestNG.main(RemoteTestNG.java:77)
Caused by: org.openqa.selenium.NoSuchElementException: no such element: Unable to locate element: {"method":"xpath","selector":"//h2[text()='משקולות יד דאמבלס משושה עם אחיזה נוחה לידיים']"}
  (Session info: chrome=88.0.4324.190)
For documentation on this error, please visit: https://www.seleniumhq.org/exceptions/no_such_element.html
Build info: version: '3.141.59', revision: 'e82be7d358', time: '2018-11-14T08:25:48'
System info: host: 'DESKTOP-LRPC74Q', ip: '192.168.1.186', os.name: 'Windows 10', os.arch: 'amd64', os.version: '10.0', java.version: '1.8.0_211'
Driver info: org.openqa.selenium.chrome.ChromeDriver
Capabilities {acceptInsecureCerts: false, browserName: chrome, browserVersion: 88.0.4324.190, chrome: {chromedriverVersion: 88.0.4324.96 (68dba2d8a0b14..., userDataDir: C:\Users\ofirx\AppData\Loca...}, goog:chromeOptions: {debuggerAddress: localhost:60524}, javascriptEnabled: true, networkConnectionEnabled: false, pageLoadStrategy: normal, platform: WINDOWS, platformName: WINDOWS, proxy: Proxy(), setWindowRect: true, strictFileInteractability: false, timeouts: {implicit: 0, pageLoad: 300000, script: 30000}, unhandledPromptBehavior: dismiss and notify, webauthn:extension:largeBlob: true, webauthn:virtualAuthenticators: true}
Session ID: e496bee8c8e8eb84545f080efb70411b
*** Element info: {Using=xpath, value=//h2[text()='משקולות יד דאמבלס משושה עם אחיזה נוחה לידיים']}
at sun.reflect.NativeConstructorAccessorImpl.newInstance0(Native Method)
at sun.reflect.NativeConstructorAccessorImpl.newInstance(NativeConstructorAccessorImpl.java:62)
at sun.reflect.DelegatingConstructorAccessorImpl.newInstance(DelegatingConstructorAccessorImpl.java:45)
at java.lang.reflect.Constructor.newInstance(Constructor.java:423)
at org.openqa.selenium.remote.http.W3CHttpResponseCodec.createException(W3CHttpResponseCodec.java:187)
at org.openqa.selenium.remote.http.W3CHttpResponseCodec.decode(W3CHttpResponseCodec.java:122)
at org.openqa.selenium.remote.http.W3CHttpResponseCodec.decode(W3CHttpResponseCodec.java:49)
at org.openqa.selenium.remote.HttpCommandExecutor.execute(HttpCommandExecutor.java:158)
at org.openqa.selenium.remote.service.DriverCommandExecutor.execute(DriverCommandExecutor.java:83)
at org.openqa.selenium.remote.RemoteWebDriver.execute(RemoteWebDriver.java:552)
at org.openqa.selenium.remote.RemoteWebDriver.findElement(RemoteWebDriver.java:323)
at org.openqa.selenium.remote.RemoteWebDriver.findElementByXPath(RemoteWebDriver.java:428)
at org.openqa.selenium.By$ByXPath.findElement(By.java:353)
at org.openqa.selenium.remote.RemoteWebDriver.findElement(RemoteWebDriver.java:315)
at org.openqa.selenium.support.ui.ExpectedConditions$7.apply(ExpectedConditions.java:205)
at org.openqa.selenium.support.ui.ExpectedConditions$7.apply(ExpectedConditions.java:201)
at org.openqa.selenium.support.ui.ExpectedConditions$22.apply(ExpectedConditions.java:641)
at org.openqa.selenium.support.ui.ExpectedConditions$22.apply(ExpectedConditions.java:638)
at org.openqa.selenium.support.ui.FluentWait.until(FluentWait.java:249)
... 31 more
]]>
            </full-stacktrace>
          </exception> <!-- org.openqa.selenium.TimeoutException -->
          <reporter-output>
          </reporter-output>
        </test-method> <!-- addProductToCart -->
        <test-method status="PASS" signature="beforeMethod(java.lang.reflect.Method)[pri:0, instance:tests.SanityAddProductToCart@3a5ed7a6]" name="beforeMethod" is-config="true" duration-ms="0" started-at="2021-03-02T19:24:10 IST" finished-at="2021-03-02T19:24:10 IST">
          <params>
            <param index="0">
              <value>
                <![CDATA[public void tests.SanityAddProductToCart.addProductToCart() throws java.lang.InterruptedException,java.io.IOException]]>
              </value>
            </param>
          </params>
          <reporter-output>
          </reporter-output>
        </test-method> <!-- beforeMethod -->
        <test-method status="PASS" signature="afterMethod(org.testng.ITestResult)[pri:0, instance:tests.SanityAddProductToCart@3a5ed7a6]" name="afterMethod" is-config="true" duration-ms="363" started-at="2021-03-02T19:24:20 IST" finished-at="2021-03-02T19:24:21 IST">
          <params>
            <param index="0">
              <value>
                <![CDATA[[TestResult name=addProductToCart status=FAILURE method=SanityAddProductToCart.addProductToCart()[pri:4, instance:tests.SanityAddProductToCart@3a5ed7a6] output={null}]]]>
              </value>
            </param>
          </params>
          <reporter-output>
          </reporter-output>
        </test-method> <!-- afterMethod -->
        <test-method status="PASS" signature="afterClass()[pri:0, instance:tests.SanityAddProductToCart@3a5ed7a6]" name="afterClass" is-config="true" duration-ms="1036" started-at="2021-03-02T19:24:21 IST" finished-at="2021-03-02T19:24:22 IST">
          <reporter-output>
          </reporter-output>
        </test-method> <!-- afterClass -->
      </class> <!-- tests.SanityAddProductToCart -->
    </test> <!-- Default test -->
  </suite> <!-- Default suite -->
</testng-results>
